<?xml version="1.0" encoding="UTF-8"?>
<!-- Generated by org.testng.reporters.JUnitXMLReporter -->
<testsuite ignored="0" hostname="LAPTOP-V37MQ6A3" failures="0" tests="6" name="Test" time="0.092" errors="0" timestamp="13 Jul 2021 18:58:16 GMT">
  <testcase classname="Maven.Maven_practice.SeleniumTest" name="BrowserTest" time="0.02"/>
  <testcase classname="Maven.Maven_practice.SeleniumTest" name="UrlTest" time="0.002"/>
  <testcase classname="Maven.Maven_practice.RestApiTest" name="BrowserTest" time="0.002"/>
  <testcase classname="Maven.Maven_practice.RestApiTest" name="UrlTest" time="0.002"/>
  <testcase classname="Maven.Maven_practice.AppiumTest" name="BrowserTest" time="0.002"/>
  <testcase classname="Maven.Maven_practice.AppiumTest" name="UrlTest" time="0.001"/>
</testsuite> <!-- Test -->
