<?xml version="1.0" encoding="UTF-8"?>
<testng-results ignored="0" total="6" passed="6" failed="0" skipped="0">
  <reporter-output>
  </reporter-output>
  <suite started-at="2021-07-13T18:58:16Z" name="Suite" finished-at="2021-07-13T18:58:16Z" duration-ms="92">
    <groups>
    </groups>
    <test started-at="2021-07-13T18:58:16Z" name="Test" finished-at="2021-07-13T18:58:16Z" duration-ms="92">
      <class name="Maven.Maven_practice.SeleniumTest">
        <test-method signature="BrowserTest()[pri:0, instance:Maven.Maven_practice.SeleniumTest@13fd2ccd]" started-at="2021-07-13T18:58:16Z" name="BrowserTest" finished-at="2021-07-13T18:58:16Z" duration-ms="20" status="PASS">
          <reporter-output>
          </reporter-output>
        </test-method> <!-- BrowserTest -->
        <test-method signature="UrlTest()[pri:0, instance:Maven.Maven_practice.SeleniumTest@13fd2ccd]" started-at="2021-07-13T18:58:16Z" name="UrlTest" finished-at="2021-07-13T18:58:16Z" duration-ms="2" status="PASS">
          <reporter-output>
          </reporter-output>
        </test-method> <!-- UrlTest -->
      </class> <!-- Maven.Maven_practice.SeleniumTest -->
      <class name="Maven.Maven_practice.RestApiTest">
        <test-method signature="BrowserTest()[pri:0, instance:Maven.Maven_practice.RestApiTest@b9b00e0]" started-at="2021-07-13T18:58:16Z" name="BrowserTest" finished-at="2021-07-13T18:58:16Z" duration-ms="2" status="PASS">
          <reporter-output>
          </reporter-output>
        </test-method> <!-- BrowserTest -->
        <test-method signature="UrlTest()[pri:0, instance:Maven.Maven_practice.RestApiTest@b9b00e0]" started-at="2021-07-13T18:58:16Z" name="UrlTest" finished-at="2021-07-13T18:58:16Z" duration-ms="2" status="PASS">
          <reporter-output>
          </reporter-output>
        </test-method> <!-- UrlTest -->
      </class> <!-- Maven.Maven_practice.RestApiTest -->
      <class name="Maven.Maven_practice.AppiumTest">
        <test-method signature="BrowserTest()[pri:0, instance:Maven.Maven_practice.AppiumTest@506ae4d4]" started-at="2021-07-13T18:58:16Z" name="BrowserTest" finished-at="2021-07-13T18:58:16Z" duration-ms="2" status="PASS">
          <reporter-output>
          </reporter-output>
        </test-method> <!-- BrowserTest -->
        <test-method signature="UrlTest()[pri:0, instance:Maven.Maven_practice.AppiumTest@506ae4d4]" started-at="2021-07-13T18:58:16Z" name="UrlTest" finished-at="2021-07-13T18:58:16Z" duration-ms="1" status="PASS">
          <reporter-output>
          </reporter-output>
        </test-method> <!-- UrlTest -->
      </class> <!-- Maven.Maven_practice.AppiumTest -->
    </test> <!-- Test -->
  </suite> <!-- Suite -->
</testng-results>
